BROADCAST
max
max,vpupkin
test
PRIVATE
max
max
UNREAD
test
BROADCAST
max
max,vpupkin
test
PRIVATE
max
vpupkin
UNREAD
test
PRIVATE
max
max
UNREAD
test
BROADCAST
max
max,vpupkin
test
BROADCAST
max
max,vpupkin
test
BROADCAST
max
max,vpupkin
test1
PRIVATE
max
max
UNREAD
test
PRIVATE
max
vpupkin
UNREAD
test
BROADCAST
max
max,vpupkin
test2
BROADCAST
max
max,vpupkin
test
BROADCAST
max
max,vpupkin
test
BROADCAST
max
max,vpupkin
test
BROADCAST
max
max,vpupkin
test
BROADCAST
max
max,vpupkin
.quit
BROADCAST
max
max,vpupkin
test
BROADCAST
max
max,vpupkin
test
BROADCAST
max
max,vpupkin
test
BROADCAST
max
max,vpupkin
test
BROADCAST
max
max,vpupkin
test
BROADCAST
max
max,vpupkin
test
PRIVATE
max
max
UNREAD
test
BROADCAST
max
max,vpupkin
test
BROADCAST
max
max,vpupkin
test
BROADCAST
max
max,vpupkin
test
BROADCAST
max
max,vpupkin
test
BROADCAST
max
max,vpupkin
test
BROADCAST
max
max,vpupkin
test
BROADCAST
max
max,vpupkin
test
BROADCAST
max
max,vpupkin
test
BROADCAST
max
max,vpupkin
test
BROADCAST
max
max,vpupkin
test
BROADCAST
max
max,vpupkin
test
BROADCAST
max
max,vpupkin
test
BROADCAST
max
max,vpupkin
test
BROADCAST
max
max,vpupkin
test
BROADCAST
max
max,vpupkin
test
BROADCAST
max
max,vpupkin
test
BROADCAST
max
max,vpupkin
test
BROADCAST
max
max,vpupkin
test
BROADCAST
max
max,vpupkin
test
BROADCAST
max
max,vpupkin
test
BROADCAST
max
max,vpupkin
test
BROADCAST
max
max,vpupkin
test
BROADCAST
max
max,vpupkin
test
BROADCAST
max
max,vpupkin
test
BROADCAST
max
max,vpupkin
test
BROADCAST
max
max,vpupkin
test
BROADCAST
max
max,vpupkin
test
PRIVATE
max
vpupkin
UNREAD
test
BROADCAST
max
max,vpupkin
test
PRIVATE
max
vpupkin
UNREAD
test
PRIVATE
max
max
UNREAD
test
PRIVATE
max
max
UNREAD
test message
PRIVATE
max
max
UNREAD
test
PRIVATE
max
max
UNREAD
test
PRIVATE
max
max
UNREAD
message 1
PRIVATE
vpupkin
max
UNREAD
message 2
PRIVATE
vpupkin
max
UNREAD
message 2
BROADCAST
vpupkin
max,vpupkin
message 3
BROADCAST
max
max,vpupkin
message 4
PRIVATE
max
vpupkin
UNREAD
test
PRIVATE
max
vpupkin
UNREAD
test
BROADCAST
max
max,vpupkin
test
PRIVATE
max
vpupkin
UNREAD
test
PRIVATE
max
max
UNREAD
text
PRIVATE
max
vpupkin
UNREAD
test
PRIVATE
max
vpupkin
UNREAD
test
PRIVATE
max
max
UNREAD
test
BROADCAST
max
max,vpupkin
#v@vpupkin test 2
PRIVATE
max
vpupkin
UNREAD
test 3
BROADCAST
max
max,vpupkin
test
BROADCAST
vpupkin
max,vpupkin
test 2
BROADCAST
vpupkin
max,vpupkin
test 3
BROADCAST
vpupkin
max,vpupkin
test
BROADCAST
vpupkin
max,vpupkin
test
BROADCAST
vpupkin
max,vpupkin
test
PRIVATE
vpupkin
max
UNREAD
test 2
PRIVATE
vpupkin
vpupkin
UNREAD
test 2
BROADCAST
vpupkin
max,vpupkin
test
BROADCAST
vpupkin
max,vpupkin
test 2
BROADCAST
vpupkin
max,vpupkin
test 3
PRIVATE
vpupkin
max
UNREAD
test 4
BROADCAST
max
max,vpupkin
test 5
BROADCAST
max
max,vpupkin
test 6
BROADCAST
max
max,vpupkin
test 7
PRIVATE
max
max
UNREAD
test 8
PRIVATE
max
vpupkin
UNREAD
test 10
BROADCAST
max
max,vpupkin
test
BROADCAST
max
max,vpupkin
test
BROADCAST
max
max,vpupkin
test
BROADCAST
max
max,vpupkin
test
PRIVATE
max
max
UNREAD
test
PRIVATE
max
vpupkin
UNREAD
test
BROADCAST
max
max,vpupkin
test
PRIVATE
max
test
UNREAD
test 1
BROADCAST
max
max,test,vpupkin
test 2
BROADCAST
test
max,test,vpupkin
test 3
PRIVATE
test
max
UNREAD
test 4
PRIVATE
test
test
UNREAD
test 5
BROADCAST
max
max,test,vpupkin
test
BROADCAST
max
max,test,vpupkin
test 1
PRIVATE
max
test
UNREAD
test 2
